QuestaSim-64 vopt 10.6b Compiler 2017.05 May 25 2017
Start time: 13:48:30 on May 29,2026
vopt "+acc" -work work -l ./report/logs/optimize.log tb_top -o opt_tb_top 

Top level modules:
	tb_top

Analyzing design...
-- Loading module tb_top
-- Importing package mtiUvm.uvm_pkg (uvm-1.1d Built-in)
-- Importing package axi4_pkg
-- Importing package axi4_test_pkg
-- Loading interface axi4_if
-- Loading package mtiUvm.questa_uvm_pkg
Optimizing 7 design-units (inlining 0/2 module instances):
-- Optimizing interface axi4_if(fast)
-- Optimizing module tb_top(fast)
-- Optimizing package mtiUvm.uvm_pkg (uvm-1.1d Built-in)(fast)
-- Optimizing package mtiUvm.questa_uvm_pkg(fast)
-- Optimizing package axi4_pkg(fast)
-- Optimizing package axi4_test_pkg(fast)
-- Optimizing interface axi4_if(fast)
Optimized design name is opt_tb_top
End time: 13:48:33 on May 29,2026, Elapsed time: 0:00:03
Errors: 0, Warnings: 0
